<?xml version="1.0" encoding="UTF-8"?>
<!-- Generated by org.testng.reporters.JUnitXMLReporter -->
<testsuite ignored="0" hostname="Dosen-PC" failures="0" tests="16" name="AA_Proposal_Test" time="140.331" errors="0" timestamp="2022-09-14T02:44:07 CEST">
  <testcase classname="android.ProposalTest" name="goToProposal" time="23.646"/>
  <testcase classname="android.ProposalTest" name="buttonSkipTest" time="18.203"/>
  <testcase classname="android.ProposalTest" name="goToDashboardTest" time="6.034"/>
  <testcase classname="android.ProposalTest" name="enrollButtonTest" time="13.516"/>
  <testcase classname="android.ProposalTest" name="closePopUpTest" time="1.525"/>
  <testcase classname="android.ProposalTest" name="dashboardTest" time="12.341"/>
  <testcase classname="android.ProposalTest" name="votingHasStarted" time="0.97"/>
  <testcase classname="android.ProposalTest" name="goToProposalTest" time="2.804"/>
  <testcase classname="android.ProposalTest" name="minThreeSignForChallengesFilterTest" time="3.923"/>
  <testcase classname="android.ProposalTest" name="searchChallengesTest" time="7.095"/>
  <testcase classname="android.ProposalTest" name="proposalFiltering" time="19.214"/>
  <testcase classname="android.ProposalTest" name="userCannotMoveLeftAndRight" time="5.949"/>
  <testcase classname="android.ProposalTest" name="userCanVoteOnlyYesOrNo" time="5.803"/>
  <testcase classname="android.ProposalTest" name="backToChallenge" time="5.687"/>
  <testcase classname="android.ProposalTest" name="clearFilter" time="4.762"/>
  <testcase classname="android.ProposalTest" name="userCanMoveLeftAndRightInProposals" time="8.271"/>
</testsuite> <!-- AA_Proposal_Test -->
