<?xml version="1.0" encoding="UTF-8"?>
<!-- Generated by org.testng.reporters.JUnitXMLReporter -->
<testsuite ignored="0" hostname="Dosen-PC" failures="0" tests="5" name="AG_Advisors_Review_Test" time="80.439" errors="0" timestamp="2022-09-12T00:59:46 CEST">
  <testcase classname="android.AdvisorsReviewTest" name="advisorReviewTest" time="41.136"/>
  <testcase classname="android.AdvisorsReviewTest" name="goToDashboardTest" time="20.252"/>
  <testcase classname="android.AdvisorsReviewTest" name="goToProposalTest" time="3.12"/>
  <testcase classname="android.AdvisorsReviewTest" name="goToChallengeTest" time="1.143"/>
  <testcase classname="android.AdvisorsReviewTest" name="advisorScoreTest" time="14.591"/>
</testsuite> <!-- AG_Advisors_Review_Test -->
