<?xml version="1.0" encoding="UTF-8"?>
<!-- Generated by org.testng.reporters.JUnitXMLReporter -->
<testsuite ignored="0" hostname="Dosen-PC" failures="0" tests="8" name="AB_Wallet_Test" time="178.952" errors="0" timestamp="2022-09-14T02:47:06 CEST">
  <testcase classname="android.ConnectingToWalletTest" name="connectToWalletTest" time="21.453"/>
  <testcase classname="android.ConnectingToWalletTest" name="goToDashboardTest" time="20.756"/>
  <testcase classname="android.ConnectingToWalletTest" name="qRCodeTest" time="14.866"/>
  <testcase classname="android.ConnectingToWalletTest" name="wrongPinTypeTest" time="23.05"/>
  <testcase classname="android.ConnectingToWalletTest" name="dotInPinTest" time="13.416"/>
  <testcase classname="android.ConnectingToWalletTest" name="wrongHashCodeTest" time="21.12"/>
  <testcase classname="android.ConnectingToWalletTest" name="incopmpleteConnetion" time="37.024"/>
  <testcase classname="android.ConnectingToWalletTest" name="successfullConnectTest" time="27.194"/>
</testsuite> <!-- AB_Wallet_Test -->
