<?xml version="1.0" encoding="UTF-8"?>
<!-- Generated by org.testng.reporters.JUnitXMLReporter -->
<testsuite ignored="0" hostname="Dosen-PC" failures="0" tests="5" name="AC_MySelection_Test" time="48.139" errors="0" timestamp="2022-09-14T02:47:54 CEST">
  <testcase classname="android.MySelectionTest" name="goMySelection" time="19.86"/>
  <testcase classname="android.MySelectionTest" name="buttonSkipTest" time="5.837"/>
  <testcase classname="android.MySelectionTest" name="buttonEnrollTest" time="13.106"/>
  <testcase classname="android.MySelectionTest" name="closePopUpTest" time="1.308"/>
  <testcase classname="android.MySelectionTest" name="goToMySelectionTest" time="7.981"/>
</testsuite> <!-- AC_MySelection_Test -->
