<?xml version="1.0" encoding="UTF-8"?>
<!-- Generated by org.testng.reporters.JUnitXMLReporter -->
<testsuite ignored="0" hostname="Dosen-PC" failures="0" tests="5" name="AF_Advisors_Review_Test" time="59.59" errors="0" timestamp="2022-09-14T02:50:44 CEST">
  <testcase classname="android.AdvisorsReviewTest" name="advisorReviewTest" time="20.796"/>
  <testcase classname="android.AdvisorsReviewTest" name="goToDashboardTest" time="19.26"/>
  <testcase classname="android.AdvisorsReviewTest" name="goToProposalTest" time="3.152"/>
  <testcase classname="android.AdvisorsReviewTest" name="goToChallengeTest" time="0.998"/>
  <testcase classname="android.AdvisorsReviewTest" name="advisorScoreTest" time="15.354"/>
</testsuite> <!-- AF_Advisors_Review_Test -->
