<?xml version="1.0" encoding="UTF-8"?>
<!-- Generated by org.testng.reporters.JUnitXMLReporter -->
<testsuite ignored="0" hostname="Dosen-PC" failures="0" tests="8" name="Default test" time="278.925" errors="0" timestamp="2022-09-14T17:46:01 CEST">
  <testcase classname="android.ConnectingToWalletTest" name="connectToWalletTest" time="57.442"/>
  <testcase classname="android.ConnectingToWalletTest" name="goToDashboardTest" time="30.096"/>
  <testcase classname="android.ConnectingToWalletTest" name="qRCodeTest" time="20.29"/>
  <testcase classname="android.ConnectingToWalletTest" name="wrongPinTypeTest" time="38.329"/>
  <testcase classname="android.ConnectingToWalletTest" name="dotInPinTest" time="17.114"/>
  <testcase classname="android.ConnectingToWalletTest" name="wrongHashCodeTest" time="29.782"/>
  <testcase classname="android.ConnectingToWalletTest" name="incopmpleteConnetion" time="48.391"/>
  <testcase classname="android.ConnectingToWalletTest" name="successfullConnectTest" time="34.752"/>
</testsuite> <!-- Default test -->
