<?xml version="1.0" encoding="UTF-8"?>
<!-- Generated by org.testng.reporters.JUnitReportReporter -->
<testsuite hostname="Dosen-PC" failures="0" tests="1" name="android.HelpAndSupportTest" time="53.984" errors="0" timestamp="2022-09-14T02:50:44 CEST" skipped="0">
  <testcase classname="android.HelpAndSupportTest" name="helpAndSupportTest" time="53.984"/>
  <system-out>
skip button method  Popup is moved View Help & Support is visible Тest is out of Help and Support  </system-out>
</testsuite> <!-- android.HelpAndSupportTest -->
