<?xml version="1.0" encoding="UTF-8"?>
<!-- Generated by org.testng.reporters.JUnitReportReporter -->
<testsuite hostname="Dosen-PC" failures="0" tests="17" name="android.ProposalTest" time="166.864" errors="0" timestamp="2022-09-14T17:39:56 CEST" skipped="0">
  <testcase classname="android.ProposalTest" name="goToProposal" time="32.541"/>
  <system-out/>
  <testcase classname="android.ProposalTest" name="scrollingFirstPageTest" time="16.345"/>
  <system-out>
list Of Text View for Comparing Fund the future of Cardano list Of Text View for Comparing You are about to discover innovative ideas around Cardano’s future development. You can help decide which ideas turn into real world projects.  </system-out>
  <testcase classname="android.ProposalTest" name="checkNotificationsTest" time="6.295"/>
  <system-out>
Notifications set up Which notifications would you like to receive? Voter notifications Receive alerts for voting registration start and end dates plus other key dates Proposer notifications Receive alerts for submission deadlines and other key dates Proposal Assessor notifications Receive alerts for registration, reviewing start and end dates plus other key dates You can change your notifications settings at any time. notifications are as expected!  </system-out>
  <testcase classname="android.ProposalTest" name="enrollButtonTest" time="13.885"/>
  <system-out/>
  <testcase classname="android.ProposalTest" name="closePopUpTest" time="1.239"/>
  <system-out>
Popup is moved  </system-out>
  <testcase classname="android.ProposalTest" name="dashboardTest" time="14.496"/>
  <system-out>
Fund9 Welcome to Catalyst! Your votes decide which project ideas get funding to solve real world problems. To vote, please CONNECT A REGISTERED WALLET. Take a look at the Voter Guide! Voting Power Voting power comes from the balance snapshot Jan 5th, 2023 11:00 UTC and will display how much Voting Power you have only once voting starts. How does it work? Voting has started! Dashboard Proposals My Selection Cast Votes Help & Support Dashboard has all text as expected!  </system-out>
  <testcase classname="android.ProposalTest" name="votingHasStarted" time="1.351"/>
  <system-out/>
  <testcase classname="android.ProposalTest" name="goToProposalTest" time="2.864"/>
  <system-out>
Proposals is opened  </system-out>
  <testcase classname="android.ProposalTest" name="minThreeLettersForSearchChallengesTest" time="4.197"/>
  <system-out/>
  <testcase classname="android.ProposalTest" name="searchChallengesTest" time="11.197"/>
  <system-out/>
  <testcase classname="android.ProposalTest" name="searchProposal" time="11.998"/>
  <system-out/>
  <testcase classname="android.ProposalTest" name="proposalFiltering" time="19.975"/>
  <system-out>
Back to Challenges The Great Migration (from Ethereum) How might we make it easy and fast for dApps and other projects to expand or completely move from Ethereum to Cardano? $500,000 during Fund9 View challenge brief in Ideascale Advisor Score: High To Low Community CIP Editor: 1 year budget Robert Phair REQUESTED $19,200 ADVISOR SCORE (6 Reviews) Game Play and Earn from EVM Network DareNFT REQUESTED $80,000 ADVISOR SCORE (11 Reviews) Cross-Chain Fake NFT Protection Dashboard Proposals My Selection Cast Votes Help & Support  </system-out>
  <testcase classname="android.ProposalTest" name="userCannotMoveLeftAndRight" time="5.965"/>
  <system-out/>
  <testcase classname="android.ProposalTest" name="userCanVoteOnlyYesOrNo" time="5.959"/>
  <system-out/>
  <testcase classname="android.ProposalTest" name="backToChallenge" time="5.443"/>
  <system-out/>
  <testcase classname="android.ProposalTest" name="clearFilter" time="4.491"/>
  <system-out/>
  <testcase classname="android.ProposalTest" name="userCanMoveLeftAndRightInProposals" time="8.623"/>
  <system-out/>
</testsuite> <!-- android.ProposalTest -->
