<?xml version="1.0" encoding="UTF-8"?>
<!-- Generated by org.testng.reporters.JUnitReportReporter -->
<testsuite hostname="Dosen-PC" failures="0" tests="5" name="android.MySelectionTest" time="48.092" errors="0" timestamp="2022-09-14T02:50:44 CEST" skipped="0">
  <testcase classname="android.MySelectionTest" name="goMySelection" time="19.860"/>
  <system-out/>
  <testcase classname="android.MySelectionTest" name="buttonSkipTest" time="5.837"/>
  <system-out>
skip button method   </system-out>
  <testcase classname="android.MySelectionTest" name="buttonEnrollTest" time="13.106"/>
  <system-out/>
  <testcase classname="android.MySelectionTest" name="closePopUpTest" time="1.308"/>
  <system-out>
Popup is moved  </system-out>
  <testcase classname="android.MySelectionTest" name="goToMySelectionTest" time="7.981"/>
  <system-out>
View My Selection is visible No votes selected Тest is out of My Selection  </system-out>
</testsuite> <!-- android.MySelectionTest -->
