<?xml version="1.0" encoding="UTF-8"?>
<!-- Generated by org.testng.reporters.JUnitReportReporter -->
<testsuite hostname="Dosen-PC" failures="0" tests="5" name="android.AdvisorsReviewTest" time="72.112" errors="0" timestamp="2022-09-14T11:27:56 CEST" skipped="0">
  <testcase classname="android.AdvisorsReviewTest" name="advisorReviewTest" time="32.657"/>
  <system-out/>
  <testcase classname="android.AdvisorsReviewTest" name="goToDashboardTest" time="19.025"/>
  <system-out>
skip button method  Popup is moved  </system-out>
  <testcase classname="android.AdvisorsReviewTest" name="goToProposalTest" time="3.697"/>
  <system-out>
Proposals is opened  </system-out>
  <testcase classname="android.AdvisorsReviewTest" name="goToChallengeTest" time="1.463"/>
  <system-out>
Тest is in Great Migration  </system-out>
  <testcase classname="android.AdvisorsReviewTest" name="advisorScoreTest" time="15.270"/>
  <system-out/>
</testsuite> <!-- android.AdvisorsReviewTest -->
