<?xml version="1.0" encoding="UTF-8"?>
<!-- Generated by org.testng.reporters.JUnitReportReporter -->
<testsuite hostname="Dosen-PC" failures="0" tests="1" name="android.CastVotesTest" time="55.571" errors="0" timestamp="2022-09-14T02:50:44 CEST" skipped="0">
  <testcase classname="android.CastVotesTest" name="goToCastVotes" time="55.571"/>
  <system-out>
skip button method  Popup is moved View Cast Votes is visible Cast Votes is empty Тest is out of Cast Votes  </system-out>
</testsuite> <!-- android.CastVotesTest -->
