<?xml version="1.0" encoding="UTF-8"?>
<!-- Generated by org.testng.reporters.JUnitReportReporter -->
<testsuite hostname="Dosen-PC" failures="0" tests="1" name="android.SwipeTest" time="48.807" errors="0" timestamp="2022-09-13T18:03:00 CEST" skipped="0">
  <testcase classname="android.SwipeTest" name="SwipeTest" time="48.807"/>
  <system-out>
list Of Text View for Comparing Fund the future of Cardano list Of Text View for Comparing You are about to discover innovative ideas around Cardano’s future development. You can help decide which ideas turn into real world projects.  </system-out>
</testsuite> <!-- android.SwipeTest -->
